0 info it worked if it ends with ok
1 verbose cli [ 'C:\\Program Files\\nodejs\\node.exe',
1 verbose cli   'C:\\Users\\Admin\\AppData\\Roaming\\npm\\node_modules\\npm\\bin\\npm-cli.js',
1 verbose cli   'start' ]
2 info using npm@3.10.9
3 info using node@v4.5.0
4 verbose run-script [ 'prestart', 'start', 'poststart' ]
5 info lifecycle edwin@1.0.0~prestart: edwin@1.0.0
6 silly lifecycle edwin@1.0.0~prestart: no script for prestart, continuing
7 info lifecycle edwin@1.0.0~start: edwin@1.0.0
8 verbose lifecycle edwin@1.0.0~start: unsafe-perm in lifecycle true
9 verbose lifecycle edwin@1.0.0~start: PATH: C:\Users\Admin\AppData\Roaming\npm\node_modules\npm\bin\node-gyp-bin;C:\Users\Admin\Desktop\edwin\node_modules\.bin;C:\Program Files\NVIDIA GPU Computing Toolkit\CUDA\v7.5\bin;C:\Program Files\NVIDIA GPU Computing Toolkit\CUDA\v7.5\libnvvp;C:\ProgramData\Oracle\Java\javapath;C:\Program Files (x86)\Intel\iCLS Client\;C:\Program Files\Intel\iCLS Client\;C:\Windows\system32;C:\Windows;C:\Windows\System32\Wbem;C:\Windows\System32\WindowsPowerShell\v1.0\;C:\Program Files (x86)\Skype\Phone\;C:\Program Files (x86)\NVIDIA Corporation\PhysX\Common;C:\Users\Admin\AppData\Local\Programs\Python\Python35-32;C:\Users\Admin\AppData\Local\Programs\Python\Python35-32\Scripts;C:\Program Files\Git\cmd;C:\Program Files\nodejs\;C:\Windows\system32\config\systemprofile\.dnx\bin;C:\Program Files\Microsoft DNX\Dnvm\;C:\Program Files\Microsoft SQL Server\130\Tools\Binn\;C:\Program Files (x86)\Heroku\bin;C:\Program Files (x86)\git\cmd;C:\Program Files (x86)\Git\cmd;C:\Program Files (x86)\Rational\Common;C:\Python27;C:\Program Files (x86)\GtkSharp\2.12\bin;;C:\Program Files\Docker Toolbox;C:\Users\Admin\AppData\Roaming\npm;C:\Users\Admin\AppData\Local\.meteor\
10 verbose lifecycle edwin@1.0.0~start: CWD: C:\Users\Admin\Desktop\edwin
11 silly lifecycle edwin@1.0.0~start: Args: [ '/d /s /c', 'node index.js' ]
12 silly lifecycle edwin@1.0.0~start: Returned: code: 1  signal: null
13 info lifecycle edwin@1.0.0~start: Failed to exec start script
14 verbose stack Error: edwin@1.0.0 start: `node index.js`
14 verbose stack Exit status 1
14 verbose stack     at EventEmitter.<anonymous> (C:\Users\Admin\AppData\Roaming\npm\node_modules\npm\lib\utils\lifecycle.js:255:16)
14 verbose stack     at emitTwo (events.js:87:13)
14 verbose stack     at EventEmitter.emit (events.js:172:7)
14 verbose stack     at ChildProcess.<anonymous> (C:\Users\Admin\AppData\Roaming\npm\node_modules\npm\lib\utils\spawn.js:40:14)
14 verbose stack     at emitTwo (events.js:87:13)
14 verbose stack     at ChildProcess.emit (events.js:172:7)
14 verbose stack     at maybeClose (internal/child_process.js:829:16)
14 verbose stack     at Process.ChildProcess._handle.onexit (internal/child_process.js:211:5)
15 verbose pkgid edwin@1.0.0
16 verbose cwd C:\Users\Admin\Desktop\edwin
17 error Windows_NT 6.3.9600
18 error argv "C:\\Program Files\\nodejs\\node.exe" "C:\\Users\\Admin\\AppData\\Roaming\\npm\\node_modules\\npm\\bin\\npm-cli.js" "start"
19 error node v4.5.0
20 error npm  v3.10.9
21 error code ELIFECYCLE
22 error edwin@1.0.0 start: `node index.js`
22 error Exit status 1
23 error Failed at the edwin@1.0.0 start script 'node index.js'.
23 error Make sure you have the latest version of node.js and npm installed.
23 error If you do, this is most likely a problem with the edwin package,
23 error not with npm itself.
23 error Tell the author that this fails on your system:
23 error     node index.js
23 error You can get information on how to open an issue for this project with:
23 error     npm bugs edwin
23 error Or if that isn't available, you can get their info via:
23 error     npm owner ls edwin
23 error There is likely additional logging output above.
24 verbose exit [ 1, true ]
